<?xml version="1.0" encoding="UTF-8"?>
<coverage generated="1701185217507" clover="3.2.0">
  <project timestamp="1701185217507" name="All files">
    <metrics statements="57" coveredstatements="42" conditionals="22" coveredconditionals="7" methods="20" coveredmethods="10" elements="99" coveredelements="59" complexity="0" loc="57" ncloc="57" packages="2" files="10" classes="10"/>
    <package name="components">
      <metrics statements="25" coveredstatements="23" conditionals="18" coveredconditionals="7" methods="9" coveredmethods="8"/>
      <file name="Contact.js" path="D:\WebDevelopment\NamasteReact\src\components\Contact.js">
        <metrics statements="2" coveredstatements="2" conditionals="0" coveredconditionals="0" methods="1" coveredmethods="1"/>
        <line num="1" count="1" type="stmt"/>
        <line num="2" count="6" type="stmt"/>
      </file>
      <file name="Header.js" path="D:\WebDevelopment\NamasteReact\src\components\Header.js">
        <metrics statements="11" coveredstatements="9" conditionals="18" coveredconditionals="7" methods="4" coveredmethods="3"/>
        <line num="10" count="1" type="stmt"/>
        <line num="11" count="4" type="stmt"/>
        <line num="12" count="4" type="stmt"/>
        <line num="13" count="4" type="stmt"/>
        <line num="14" count="4" type="stmt"/>
        <line num="15" count="7" type="stmt"/>
        <line num="16" count="4" type="cond" truecount="1" falsecount="1"/>
        <line num="17" count="0" type="stmt"/>
        <line num="57" count="0" type="cond" truecount="0" falsecount="2"/>
        <line num="74" count="4" type="stmt"/>
        <line num="138" count="1" type="cond" truecount="1" falsecount="1"/>
      </file>
      <file name="RestaurentCards.js" path="D:\WebDevelopment\NamasteReact\src\components\RestaurentCards.js">
        <metrics statements="10" coveredstatements="10" conditionals="0" coveredconditionals="0" methods="3" coveredmethods="3"/>
        <line num="2" count="1" type="stmt"/>
        <line num="3" count="2" type="stmt"/>
        <line num="4" count="2" type="stmt"/>
        <line num="6" count="2" type="stmt"/>
        <line num="7" count="2" type="stmt"/>
        <line num="31" count="1" type="stmt"/>
        <line num="32" count="1" type="stmt"/>
        <line num="33" count="1" type="stmt"/>
        <line num="34" count="1" type="stmt"/>
        <line num="35" count="1" type="stmt"/>
      </file>
      <file name="sum.js" path="D:\WebDevelopment\NamasteReact\src\components\sum.js">
        <metrics statements="2" coveredstatements="2" conditionals="0" coveredconditionals="0" methods="1" coveredmethods="1"/>
        <line num="1" count="1" type="stmt"/>
        <line num="2" count="3" type="stmt"/>
      </file>
    </package>
    <package name="utils">
      <metrics statements="32" coveredstatements="19" conditionals="4" coveredconditionals="0" methods="11" coveredmethods="2"/>
      <file name="CartContexts.js" path="D:\WebDevelopment\NamasteReact\src\utils\CartContexts.js">
        <metrics statements="1" coveredstatements="1" conditionals="0" coveredconditionals="0" methods="0" coveredmethods="0"/>
        <line num="3" count="1" type="stmt"/>
      </file>
      <file name="UserContexts.js" path="D:\WebDevelopment\NamasteReact\src\utils\UserContexts.js">
        <metrics statements="1" coveredstatements="1" conditionals="0" coveredconditionals="0" methods="0" coveredmethods="0"/>
        <line num="3" count="1" type="stmt"/>
      </file>
      <file name="appStore.js" path="D:\WebDevelopment\NamasteReact\src\utils\appStore.js">
        <metrics statements="1" coveredstatements="1" conditionals="0" coveredconditionals="0" methods="0" coveredmethods="0"/>
        <line num="4" count="1" type="stmt"/>
      </file>
      <file name="cartSlice.js" path="D:\WebDevelopment\NamasteReact\src\utils\cartSlice.js">
        <metrics statements="13" coveredstatements="2" conditionals="4" coveredconditionals="0" methods="7" coveredmethods="0"/>
        <line num="3" count="1" type="stmt"/>
        <line num="11" count="0" type="stmt"/>
        <line num="14" count="0" type="stmt"/>
        <line num="17" count="0" type="stmt"/>
        <line num="20" count="0" type="stmt"/>
        <line num="21" count="0" type="stmt"/>
        <line num="22" count="0" type="cond" truecount="0" falsecount="2"/>
        <line num="23" count="0" type="cond" truecount="0" falsecount="2"/>
        <line num="24" count="0" type="stmt"/>
        <line num="26" count="0" type="stmt"/>
        <line num="36" count="0" type="stmt"/>
        <line num="39" count="0" type="stmt"/>
        <line num="51" count="1" type="stmt"/>
      </file>
      <file name="constants.js" path="D:\WebDevelopment\NamasteReact\src\utils\constants.js">
        <metrics statements="8" coveredstatements="8" conditionals="0" coveredconditionals="0" methods="0" coveredmethods="0"/>
        <line num="2" count="1" type="stmt"/>
        <line num="5" count="1" type="stmt"/>
        <line num="8" count="1" type="stmt"/>
        <line num="10" count="1" type="stmt"/>
        <line num="12" count="1" type="stmt"/>
        <line num="14" count="1" type="stmt"/>
        <line num="17" count="1" type="stmt"/>
        <line num="20" count="1" type="stmt"/>
      </file>
      <file name="useOnlineStatus.js" path="D:\WebDevelopment\NamasteReact\src\utils\useOnlineStatus.js">
        <metrics statements="8" coveredstatements="6" conditionals="0" coveredconditionals="0" methods="4" coveredmethods="2"/>
        <line num="3" count="1" type="stmt"/>
        <line num="4" count="4" type="stmt"/>
        <line num="5" count="4" type="stmt"/>
        <line num="6" count="3" type="stmt"/>
        <line num="7" count="0" type="stmt"/>
        <line num="9" count="3" type="stmt"/>
        <line num="10" count="0" type="stmt"/>
        <line num="14" count="4" type="stmt"/>
      </file>
    </package>
  </project>
</coverage>
