{"D:\\WebDevelopment\\NamasteReact\\src\\components\\Contact.js": {"path":"D:\\WebDevelopment\\NamasteReact\\src\\components\\Contact.js","statementMap":{"0":{"start":{"line":1,"column":16},"end":{"line":40,"column":1}},"1":{"start":{"line":2,"column":2},"end":{"line":39,"column":4}}},"fnMap":{"0":{"name":"(anonymous_0)","decl":{"start":{"line":1,"column":16},"end":{"line":1,"column":17}},"loc":{"start":{"line":1,"column":22},"end":{"line":40,"column":1}},"line":1}},"branchMap":{},"s":{"0":1,"1":6},"f":{"0":6},"b":{},"_coverageSchema":"1a1c01bbd47fc00a2c39e90264f33305004495a9","hash":"897dd65f7303b792773dc5e778ea19669a04b72a"}
,"D:\\WebDevelopment\\NamasteReact\\src\\components\\Header.js": {"path":"D:\\WebDevelopment\\NamasteReact\\src\\components\\Header.js","statementMap":{"0":{"start":{"line":10,"column":15},"end":{"line":155,"column":1}},"1":{"start":{"line":11,"column":48},"end":{"line":11,"column":66}},"2":{"start":{"line":12,"column":23},"end":{"line":12,"column":40}},"3":{"start":{"line":13,"column":27},"end":{"line":13,"column":51}},"4":{"start":{"line":14,"column":24},"end":{"line":14,"column":48}},"5":{"start":{"line":15,"column":20},"end":{"line":15,"column":60}},"6":{"start":{"line":15,"column":43},"end":{"line":15,"column":59}},"7":{"start":{"line":16,"column":2},"end":{"line":154,"column":3}},"8":{"start":{"line":17,"column":4},"end":{"line":72,"column":6}},"9":{"start":{"line":57,"column":16},"end":{"line":59,"column":49}},"10":{"start":{"line":74,"column":4},"end":{"line":153,"column":6}},"11":{"start":{"line":138,"column":16},"end":{"line":140,"column":49}}},"fnMap":{"0":{"name":"(anonymous_0)","decl":{"start":{"line":10,"column":15},"end":{"line":10,"column":16}},"loc":{"start":{"line":10,"column":21},"end":{"line":155,"column":1}},"line":10},"1":{"name":"(anonymous_1)","decl":{"start":{"line":15,"column":32},"end":{"line":15,"column":33}},"loc":{"start":{"line":15,"column":43},"end":{"line":15,"column":59}},"line":15},"2":{"name":"(anonymous_2)","decl":{"start":{"line":56,"column":23},"end":{"line":56,"column":24}},"loc":{"start":{"line":56,"column":29},"end":{"line":60,"column":15}},"line":56},"3":{"name":"(anonymous_3)","decl":{"start":{"line":137,"column":23},"end":{"line":137,"column":24}},"loc":{"start":{"line":137,"column":29},"end":{"line":141,"column":15}},"line":137}},"branchMap":{"0":{"loc":{"start":{"line":16,"column":2},"end":{"line":154,"column":3}},"type":"if","locations":[{"start":{"line":16,"column":2},"end":{"line":154,"column":3}},{"start":{"line":73,"column":9},"end":{"line":154,"column":3}}],"line":16},"1":{"loc":{"start":{"line":34,"column":18},"end":{"line":34,"column":72}},"type":"cond-expr","locations":[{"start":{"line":34,"column":43},"end":{"line":34,"column":55}},{"start":{"line":34,"column":58},"end":{"line":34,"column":72}}],"line":34},"2":{"loc":{"start":{"line":52,"column":16},"end":{"line":54,"column":122}},"type":"cond-expr","locations":[{"start":{"line":53,"column":20},"end":{"line":53,"column":127}},{"start":{"line":54,"column":20},"end":{"line":54,"column":122}}],"line":52},"3":{"loc":{"start":{"line":57,"column":16},"end":{"line":59,"column":48}},"type":"cond-expr","locations":[{"start":{"line":58,"column":20},"end":{"line":58,"column":49}},{"start":{"line":59,"column":20},"end":{"line":59,"column":48}}],"line":57},"4":{"loc":{"start":{"line":64,"column":13},"end":{"line":68,"column":13}},"type":"binary-expr","locations":[{"start":{"line":64,"column":13},"end":{"line":64,"column":42}},{"start":{"line":65,"column":14},"end":{"line":67,"column":22}}],"line":64},"5":{"loc":{"start":{"line":91,"column":18},"end":{"line":91,"column":72}},"type":"cond-expr","locations":[{"start":{"line":91,"column":43},"end":{"line":91,"column":55}},{"start":{"line":91,"column":58},"end":{"line":91,"column":72}}],"line":91},"6":{"loc":{"start":{"line":133,"column":16},"end":{"line":135,"column":122}},"type":"cond-expr","locations":[{"start":{"line":134,"column":20},"end":{"line":134,"column":127}},{"start":{"line":135,"column":20},"end":{"line":135,"column":122}}],"line":133},"7":{"loc":{"start":{"line":138,"column":16},"end":{"line":140,"column":48}},"type":"cond-expr","locations":[{"start":{"line":139,"column":20},"end":{"line":139,"column":49}},{"start":{"line":140,"column":20},"end":{"line":140,"column":48}}],"line":138},"8":{"loc":{"start":{"line":145,"column":13},"end":{"line":149,"column":13}},"type":"binary-expr","locations":[{"start":{"line":145,"column":13},"end":{"line":145,"column":42}},{"start":{"line":146,"column":14},"end":{"line":148,"column":22}}],"line":145}},"s":{"0":1,"1":4,"2":4,"3":4,"4":4,"5":4,"6":7,"7":4,"8":0,"9":0,"10":4,"11":1},"f":{"0":4,"1":7,"2":0,"3":1},"b":{"0":[0,4],"1":[0,0],"2":[0,0],"3":[0,0],"4":[0,0],"5":[0,4],"6":[3,1],"7":[1,0],"8":[4,1]},"_coverageSchema":"1a1c01bbd47fc00a2c39e90264f33305004495a9","hash":"3a28855a3397ead25c8d63d4ba8540dc5e9291f1"}
,"D:\\WebDevelopment\\NamasteReact\\src\\components\\RestaurentCards.js": {"path":"D:\\WebDevelopment\\NamasteReact\\src\\components\\RestaurentCards.js","statementMap":{"0":{"start":{"line":2,"column":24},"end":{"line":29,"column":1}},"1":{"start":{"line":3,"column":22},"end":{"line":3,"column":27}},"2":{"start":{"line":4,"column":2},"end":{"line":4,"column":23}},"3":{"start":{"line":6,"column":4},"end":{"line":6,"column":17}},"4":{"start":{"line":7,"column":2},"end":{"line":28,"column":4}},"5":{"start":{"line":31,"column":33},"end":{"line":45,"column":1}},"6":{"start":{"line":32,"column":2},"end":{"line":44,"column":4}},"7":{"start":{"line":33,"column":24},"end":{"line":33,"column":29}},"8":{"start":{"line":34,"column":41},"end":{"line":34,"column":54}},"9":{"start":{"line":35,"column":4},"end":{"line":43,"column":6}}},"fnMap":{"0":{"name":"(anonymous_0)","decl":{"start":{"line":2,"column":24},"end":{"line":2,"column":25}},"loc":{"start":{"line":2,"column":35},"end":{"line":29,"column":1}},"line":2},"1":{"name":"(anonymous_1)","decl":{"start":{"line":31,"column":33},"end":{"line":31,"column":34}},"loc":{"start":{"line":31,"column":54},"end":{"line":45,"column":1}},"line":31},"2":{"name":"(anonymous_2)","decl":{"start":{"line":32,"column":9},"end":{"line":32,"column":10}},"loc":{"start":{"line":32,"column":20},"end":{"line":44,"column":3}},"line":32}},"branchMap":{},"s":{"0":1,"1":2,"2":2,"3":2,"4":2,"5":1,"6":1,"7":1,"8":1,"9":1},"f":{"0":2,"1":1,"2":1},"b":{},"_coverageSchema":"1a1c01bbd47fc00a2c39e90264f33305004495a9","hash":"003fc66d00b3ad8e8efbf6620e174d84ef6b13d2"}
,"D:\\WebDevelopment\\NamasteReact\\src\\components\\sum.js": {"path":"D:\\WebDevelopment\\NamasteReact\\src\\components\\sum.js","statementMap":{"0":{"start":{"line":1,"column":19},"end":{"line":3,"column":1}},"1":{"start":{"line":2,"column":2},"end":{"line":2,"column":15}}},"fnMap":{"0":{"name":"(anonymous_0)","decl":{"start":{"line":1,"column":19},"end":{"line":1,"column":20}},"loc":{"start":{"line":1,"column":29},"end":{"line":3,"column":1}},"line":1}},"branchMap":{},"s":{"0":1,"1":3},"f":{"0":3},"b":{},"_coverageSchema":"1a1c01bbd47fc00a2c39e90264f33305004495a9","hash":"78566474d70b9049ecd114ce9dbcc7302e743ad0"}
,"D:\\WebDevelopment\\NamasteReact\\src\\utils\\CartContexts.js": {"path":"D:\\WebDevelopment\\NamasteReact\\src\\utils\\CartContexts.js","statementMap":{"0":{"start":{"line":3,"column":21},"end":{"line":5,"column":2}}},"fnMap":{},"branchMap":{},"s":{"0":1},"f":{},"b":{},"_coverageSchema":"1a1c01bbd47fc00a2c39e90264f33305004495a9","hash":"5ccf1aa054d6b75292e543aff4b0ff2b6fd3ffc4"}
,"D:\\WebDevelopment\\NamasteReact\\src\\utils\\UserContexts.js": {"path":"D:\\WebDevelopment\\NamasteReact\\src\\utils\\UserContexts.js","statementMap":{"0":{"start":{"line":3,"column":21},"end":{"line":5,"column":2}}},"fnMap":{},"branchMap":{},"s":{"0":1},"f":{},"b":{},"_coverageSchema":"1a1c01bbd47fc00a2c39e90264f33305004495a9","hash":"196693a40cad226130f77b1ed64ac2b70d21ed51"}
,"D:\\WebDevelopment\\NamasteReact\\src\\utils\\appStore.js": {"path":"D:\\WebDevelopment\\NamasteReact\\src\\utils\\appStore.js","statementMap":{"0":{"start":{"line":4,"column":17},"end":{"line":8,"column":2}}},"fnMap":{},"branchMap":{},"s":{"0":1},"f":{},"b":{},"_coverageSchema":"1a1c01bbd47fc00a2c39e90264f33305004495a9","hash":"045fc491ba1404d37dd814a25d7cdc2cf9f2f77e"}
,"D:\\WebDevelopment\\NamasteReact\\src\\utils\\cartSlice.js": {"path":"D:\\WebDevelopment\\NamasteReact\\src\\utils\\cartSlice.js","statementMap":{"0":{"start":{"line":3,"column":18},"end":{"line":42,"column":2}},"1":{"start":{"line":11,"column":6},"end":{"line":11,"column":39}},"2":{"start":{"line":14,"column":6},"end":{"line":14,"column":38}},"3":{"start":{"line":17,"column":6},"end":{"line":17,"column":29}},"4":{"start":{"line":20,"column":27},"end":{"line":20,"column":41}},"5":{"start":{"line":21,"column":25},"end":{"line":21,"column":67}},"6":{"start":{"line":21,"column":52},"end":{"line":21,"column":66}},"7":{"start":{"line":22,"column":6},"end":{"line":28,"column":7}},"8":{"start":{"line":23,"column":8},"end":{"line":27,"column":9}},"9":{"start":{"line":24,"column":10},"end":{"line":24,"column":58}},"10":{"start":{"line":26,"column":10},"end":{"line":26,"column":58}},"11":{"start":{"line":36,"column":6},"end":{"line":36,"column":44}},"12":{"start":{"line":39,"column":6},"end":{"line":39,"column":29}},"13":{"start":{"line":51,"column":4},"end":{"line":51,"column":21}}},"fnMap":{"0":{"name":"(anonymous_0)","decl":{"start":{"line":10,"column":13},"end":{"line":10,"column":14}},"loc":{"start":{"line":10,"column":32},"end":{"line":12,"column":5}},"line":10},"1":{"name":"(anonymous_1)","decl":{"start":{"line":13,"column":16},"end":{"line":13,"column":17}},"loc":{"start":{"line":13,"column":35},"end":{"line":15,"column":5}},"line":13},"2":{"name":"(anonymous_2)","decl":{"start":{"line":16,"column":16},"end":{"line":16,"column":17}},"loc":{"start":{"line":16,"column":27},"end":{"line":18,"column":5}},"line":16},"3":{"name":"(anonymous_3)","decl":{"start":{"line":19,"column":16},"end":{"line":19,"column":17}},"loc":{"start":{"line":19,"column":35},"end":{"line":34,"column":5}},"line":19},"4":{"name":"(anonymous_4)","decl":{"start":{"line":21,"column":42},"end":{"line":21,"column":43}},"loc":{"start":{"line":21,"column":52},"end":{"line":21,"column":66}},"line":21},"5":{"name":"(anonymous_5)","decl":{"start":{"line":35,"column":12},"end":{"line":35,"column":13}},"loc":{"start":{"line":35,"column":31},"end":{"line":37,"column":5}},"line":35},"6":{"name":"(anonymous_6)","decl":{"start":{"line":38,"column":15},"end":{"line":38,"column":16}},"loc":{"start":{"line":38,"column":34},"end":{"line":40,"column":5}},"line":38}},"branchMap":{"0":{"loc":{"start":{"line":22,"column":6},"end":{"line":28,"column":7}},"type":"if","locations":[{"start":{"line":22,"column":6},"end":{"line":28,"column":7}},{"start":{},"end":{}}],"line":22},"1":{"loc":{"start":{"line":23,"column":8},"end":{"line":27,"column":9}},"type":"if","locations":[{"start":{"line":23,"column":8},"end":{"line":27,"column":9}},{"start":{"line":25,"column":15},"end":{"line":27,"column":9}}],"line":23}},"s":{"0":1,"1":0,"2":0,"3":0,"4":0,"5":0,"6":0,"7":0,"8":0,"9":0,"10":0,"11":0,"12":0,"13":1},"f":{"0":0,"1":0,"2":0,"3":0,"4":0,"5":0,"6":0},"b":{"0":[0,0],"1":[0,0]},"_coverageSchema":"1a1c01bbd47fc00a2c39e90264f33305004495a9","hash":"5da12cd8ad6c9f6d85de98c1a8e4a01691333612"}
,"D:\\WebDevelopment\\NamasteReact\\src\\utils\\constants.js": {"path":"D:\\WebDevelopment\\NamasteReact\\src\\utils\\constants.js","statementMap":{"0":{"start":{"line":2,"column":2},"end":{"line":2,"column":56}},"1":{"start":{"line":5,"column":2},"end":{"line":5,"column":163}},"2":{"start":{"line":8,"column":2},"end":{"line":8,"column":147}},"3":{"start":{"line":10,"column":24},"end":{"line":10,"column":78}},"4":{"start":{"line":12,"column":2},"end":{"line":12,"column":90}},"5":{"start":{"line":14,"column":23},"end":{"line":14,"column":55}},"6":{"start":{"line":17,"column":2},"end":{"line":17,"column":115}},"7":{"start":{"line":20,"column":2},"end":{"line":20,"column":71}}},"fnMap":{},"branchMap":{},"s":{"0":1,"1":1,"2":1,"3":1,"4":1,"5":1,"6":1,"7":1},"f":{},"b":{},"_coverageSchema":"1a1c01bbd47fc00a2c39e90264f33305004495a9","hash":"31b4726d686553b25d9b02c983730b258a70979a"}
,"D:\\WebDevelopment\\NamasteReact\\src\\utils\\useOnlineStatus.js": {"path":"D:\\WebDevelopment\\NamasteReact\\src\\utils\\useOnlineStatus.js","statementMap":{"0":{"start":{"line":3,"column":24},"end":{"line":15,"column":1}},"1":{"start":{"line":4,"column":42},"end":{"line":4,"column":56}},"2":{"start":{"line":5,"column":2},"end":{"line":12,"column":9}},"3":{"start":{"line":6,"column":4},"end":{"line":8,"column":7}},"4":{"start":{"line":7,"column":6},"end":{"line":7,"column":29}},"5":{"start":{"line":9,"column":4},"end":{"line":11,"column":7}},"6":{"start":{"line":10,"column":6},"end":{"line":10,"column":28}},"7":{"start":{"line":14,"column":2},"end":{"line":14,"column":22}}},"fnMap":{"0":{"name":"(anonymous_0)","decl":{"start":{"line":3,"column":24},"end":{"line":3,"column":25}},"loc":{"start":{"line":3,"column":30},"end":{"line":15,"column":1}},"line":3},"1":{"name":"(anonymous_1)","decl":{"start":{"line":5,"column":12},"end":{"line":5,"column":13}},"loc":{"start":{"line":5,"column":18},"end":{"line":12,"column":3}},"line":5},"2":{"name":"(anonymous_2)","decl":{"start":{"line":6,"column":39},"end":{"line":6,"column":40}},"loc":{"start":{"line":6,"column":45},"end":{"line":8,"column":5}},"line":6},"3":{"name":"(anonymous_3)","decl":{"start":{"line":9,"column":38},"end":{"line":9,"column":39}},"loc":{"start":{"line":9,"column":44},"end":{"line":11,"column":5}},"line":9}},"branchMap":{},"s":{"0":1,"1":4,"2":4,"3":3,"4":0,"5":3,"6":0,"7":4},"f":{"0":4,"1":3,"2":0,"3":0},"b":{},"_coverageSchema":"1a1c01bbd47fc00a2c39e90264f33305004495a9","hash":"ce94ccc17bfd36c633bd7188b87437796dc35279"}
}
